ERROR - 2025-06-24 06:59:57 --> Email: Unable to send email using SMTP. Your server might not be configured to send mail using this method.
ERROR - 2025-06-24 06:59:57 --> 220 BN0PR04CA0021.outlook.office365.com Microsoft ESMTP MAIL Service ready at Tue, 24 Jun 2025 17:00:27 +0000 [08DDB241168C23D7]

hello: 250-BN0PR04CA0021.outlook.office365.com Hello [179.63.36.195]
250-SIZE 157286400
250-PIPELINING
250-DSN
250-ENHANCEDSTATUSCODES
250-STARTTLS
250-8BITMIME
250-BINARYMIME
250-CHUNKING
250 SMTPUTF8

starttls: 220 2.0.0 SMTP server ready

hello: 250-BN0PR04CA0021.outlook.office365.com Hello [179.63.36.195]
250-SIZE 157286400
250-PIPELINING
250-DSN
250-ENHANCEDSTATUSCODES
250-AUTH LOGIN XOAUTH2
250-8BITMIME
250-BINARYMIME
250-CHUNKING
250 SMTPUTF8

Failed to authenticate password. Error: 
