CRITICAL - 2025-04-06 18:23:58 --> ErrorException: Undefined variable $persona
[Method: GET, Route: sesion]
in APPPATH\Views\seccion\crear.php on line 72.
 1 APPPATH\Views\seccion\crear.php(72): CodeIgniter\Debug\Exceptions->errorHandler(2, 'Undefined variable $persona', 'C:\\xampp\\htdocs\\codeigniter4\\app\\Views\\seccion\\crear.php', 72)
 2 SYSTEMPATH\View\View.php(234): include('C:\\xampp\\htdocs\\codeigniter4\\app\\Views\\seccion\\crear.php')
 3 SYSTEMPATH\View\View.php(237): CodeIgniter\View\View->CodeIgniter\View\{closure}()
 4 SYSTEMPATH\Common.php(1171): CodeIgniter\View\View->render('seccion/crear', [], true)
 5 APPPATH\Controllers\Sesiones.php(16): view('seccion/crear')
 6 SYSTEMPATH\CodeIgniter.php(933): App\Controllers\Sesiones->index()
 7 SYSTEMPATH\CodeIgniter.php(509): CodeIgniter\CodeIgniter->runController(Object(App\Controllers\Sesiones))
 8 SYSTEMPATH\CodeIgniter.php(355): CodeIgniter\CodeIgniter->handleRequest(null, Object(Config\Cache), false)
 9 SYSTEMPATH\Boot.php(312): CodeIgniter\CodeIgniter->run()
10 SYSTEMPATH\Boot.php(67): CodeIgniter\Boot::runCodeIgniter(Object(CodeIgniter\CodeIgniter))
11 FCPATH\index.php(56): CodeIgniter\Boot::bootWeb(Object(Config\Paths))
CRITICAL - 2025-04-06 18:31:49 --> ErrorException: Undefined variable $persona
[Method: GET, Route: sesion]
in APPPATH\Views\seccion\crear.php on line 72.
 1 APPPATH\Views\seccion\crear.php(72): CodeIgniter\Debug\Exceptions->errorHandler(2, 'Undefined variable $persona', 'C:\\xampp\\htdocs\\codeigniter4\\app\\Views\\seccion\\crear.php', 72)
 2 SYSTEMPATH\View\View.php(234): include('C:\\xampp\\htdocs\\codeigniter4\\app\\Views\\seccion\\crear.php')
 3 SYSTEMPATH\View\View.php(237): CodeIgniter\View\View->CodeIgniter\View\{closure}()
 4 SYSTEMPATH\Common.php(1171): CodeIgniter\View\View->render('seccion/crear', [], true)
 5 APPPATH\Controllers\Sesiones.php(16): view('seccion/crear')
 6 SYSTEMPATH\CodeIgniter.php(933): App\Controllers\Sesiones->index()
 7 SYSTEMPATH\CodeIgniter.php(509): CodeIgniter\CodeIgniter->runController(Object(App\Controllers\Sesiones))
 8 SYSTEMPATH\CodeIgniter.php(355): CodeIgniter\CodeIgniter->handleRequest(null, Object(Config\Cache), false)
 9 SYSTEMPATH\Boot.php(312): CodeIgniter\CodeIgniter->run()
10 SYSTEMPATH\Boot.php(67): CodeIgniter\Boot::runCodeIgniter(Object(CodeIgniter\CodeIgniter))
11 FCPATH\index.php(56): CodeIgniter\Boot::bootWeb(Object(Config\Paths))
CRITICAL - 2025-04-06 18:31:58 --> ErrorException: Undefined variable $persona
[Method: GET, Route: sesion]
in APPPATH\Views\seccion\crear.php on line 72.
 1 APPPATH\Views\seccion\crear.php(72): CodeIgniter\Debug\Exceptions->errorHandler(2, 'Undefined variable $persona', 'C:\\xampp\\htdocs\\codeigniter4\\app\\Views\\seccion\\crear.php', 72)
 2 SYSTEMPATH\View\View.php(234): include('C:\\xampp\\htdocs\\codeigniter4\\app\\Views\\seccion\\crear.php')
 3 SYSTEMPATH\View\View.php(237): CodeIgniter\View\View->CodeIgniter\View\{closure}()
 4 SYSTEMPATH\Common.php(1171): CodeIgniter\View\View->render('seccion/crear', [], true)
 5 APPPATH\Controllers\Sesiones.php(16): view('seccion/crear')
 6 SYSTEMPATH\CodeIgniter.php(933): App\Controllers\Sesiones->index()
 7 SYSTEMPATH\CodeIgniter.php(509): CodeIgniter\CodeIgniter->runController(Object(App\Controllers\Sesiones))
 8 SYSTEMPATH\CodeIgniter.php(355): CodeIgniter\CodeIgniter->handleRequest(null, Object(Config\Cache), false)
 9 SYSTEMPATH\Boot.php(312): CodeIgniter\CodeIgniter->run()
10 SYSTEMPATH\Boot.php(67): CodeIgniter\Boot::runCodeIgniter(Object(CodeIgniter\CodeIgniter))
11 FCPATH\index.php(56): CodeIgniter\Boot::bootWeb(Object(Config\Paths))
CRITICAL - 2025-04-06 18:36:28 --> ErrorException: Undefined variable $persona
[Method: GET, Route: sesion]
in APPPATH\Views\seccion\crear.php on line 72.
 1 APPPATH\Views\seccion\crear.php(72): CodeIgniter\Debug\Exceptions->errorHandler(2, 'Undefined variable $persona', 'C:\\xampp\\htdocs\\codeigniter4\\app\\Views\\seccion\\crear.php', 72)
 2 SYSTEMPATH\View\View.php(234): include('C:\\xampp\\htdocs\\codeigniter4\\app\\Views\\seccion\\crear.php')
 3 SYSTEMPATH\View\View.php(237): CodeIgniter\View\View->CodeIgniter\View\{closure}()
 4 SYSTEMPATH\Common.php(1171): CodeIgniter\View\View->render('seccion/crear', [], true)
 5 APPPATH\Controllers\Sesiones.php(16): view('seccion/crear')
 6 SYSTEMPATH\CodeIgniter.php(933): App\Controllers\Sesiones->index()
 7 SYSTEMPATH\CodeIgniter.php(509): CodeIgniter\CodeIgniter->runController(Object(App\Controllers\Sesiones))
 8 SYSTEMPATH\CodeIgniter.php(355): CodeIgniter\CodeIgniter->handleRequest(null, Object(Config\Cache), false)
 9 SYSTEMPATH\Boot.php(312): CodeIgniter\CodeIgniter->run()
10 SYSTEMPATH\Boot.php(67): CodeIgniter\Boot::runCodeIgniter(Object(CodeIgniter\CodeIgniter))
11 FCPATH\index.php(56): CodeIgniter\Boot::bootWeb(Object(Config\Paths))
CRITICAL - 2025-04-06 18:36:32 --> ErrorException: Undefined variable $persona
[Method: GET, Route: sesion]
in APPPATH\Views\seccion\crear.php on line 72.
 1 APPPATH\Views\seccion\crear.php(72): CodeIgniter\Debug\Exceptions->errorHandler(2, 'Undefined variable $persona', 'C:\\xampp\\htdocs\\codeigniter4\\app\\Views\\seccion\\crear.php', 72)
 2 SYSTEMPATH\View\View.php(234): include('C:\\xampp\\htdocs\\codeigniter4\\app\\Views\\seccion\\crear.php')
 3 SYSTEMPATH\View\View.php(237): CodeIgniter\View\View->CodeIgniter\View\{closure}()
 4 SYSTEMPATH\Common.php(1171): CodeIgniter\View\View->render('seccion/crear', [], true)
 5 APPPATH\Controllers\Sesiones.php(16): view('seccion/crear')
 6 SYSTEMPATH\CodeIgniter.php(933): App\Controllers\Sesiones->index()
 7 SYSTEMPATH\CodeIgniter.php(509): CodeIgniter\CodeIgniter->runController(Object(App\Controllers\Sesiones))
 8 SYSTEMPATH\CodeIgniter.php(355): CodeIgniter\CodeIgniter->handleRequest(null, Object(Config\Cache), false)
 9 SYSTEMPATH\Boot.php(312): CodeIgniter\CodeIgniter->run()
10 SYSTEMPATH\Boot.php(67): CodeIgniter\Boot::runCodeIgniter(Object(CodeIgniter\CodeIgniter))
11 FCPATH\index.php(56): CodeIgniter\Boot::bootWeb(Object(Config\Paths))
CRITICAL - 2025-04-06 18:39:44 --> ErrorException: Undefined variable $persona
[Method: GET, Route: sesion]
in APPPATH\Views\seccion\crear.php on line 72.
 1 APPPATH\Views\seccion\crear.php(72): CodeIgniter\Debug\Exceptions->errorHandler(2, 'Undefined variable $persona', 'C:\\xampp\\htdocs\\codeigniter4\\app\\Views\\seccion\\crear.php', 72)
 2 SYSTEMPATH\View\View.php(234): include('C:\\xampp\\htdocs\\codeigniter4\\app\\Views\\seccion\\crear.php')
 3 SYSTEMPATH\View\View.php(237): CodeIgniter\View\View->CodeIgniter\View\{closure}()
 4 SYSTEMPATH\Common.php(1171): CodeIgniter\View\View->render('seccion/crear', [], true)
 5 APPPATH\Controllers\Sesiones.php(16): view('seccion/crear')
 6 SYSTEMPATH\CodeIgniter.php(933): App\Controllers\Sesiones->index()
 7 SYSTEMPATH\CodeIgniter.php(509): CodeIgniter\CodeIgniter->runController(Object(App\Controllers\Sesiones))
 8 SYSTEMPATH\CodeIgniter.php(355): CodeIgniter\CodeIgniter->handleRequest(null, Object(Config\Cache), false)
 9 SYSTEMPATH\Boot.php(312): CodeIgniter\CodeIgniter->run()
10 SYSTEMPATH\Boot.php(67): CodeIgniter\Boot::runCodeIgniter(Object(CodeIgniter\CodeIgniter))
11 FCPATH\index.php(56): CodeIgniter\Boot::bootWeb(Object(Config\Paths))
CRITICAL - 2025-04-06 18:39:47 --> ErrorException: Undefined variable $persona
[Method: GET, Route: sesion]
in APPPATH\Views\seccion\crear.php on line 72.
 1 APPPATH\Views\seccion\crear.php(72): CodeIgniter\Debug\Exceptions->errorHandler(2, 'Undefined variable $persona', 'C:\\xampp\\htdocs\\codeigniter4\\app\\Views\\seccion\\crear.php', 72)
 2 SYSTEMPATH\View\View.php(234): include('C:\\xampp\\htdocs\\codeigniter4\\app\\Views\\seccion\\crear.php')
 3 SYSTEMPATH\View\View.php(237): CodeIgniter\View\View->CodeIgniter\View\{closure}()
 4 SYSTEMPATH\Common.php(1171): CodeIgniter\View\View->render('seccion/crear', [], true)
 5 APPPATH\Controllers\Sesiones.php(16): view('seccion/crear')
 6 SYSTEMPATH\CodeIgniter.php(933): App\Controllers\Sesiones->index()
 7 SYSTEMPATH\CodeIgniter.php(509): CodeIgniter\CodeIgniter->runController(Object(App\Controllers\Sesiones))
 8 SYSTEMPATH\CodeIgniter.php(355): CodeIgniter\CodeIgniter->handleRequest(null, Object(Config\Cache), false)
 9 SYSTEMPATH\Boot.php(312): CodeIgniter\CodeIgniter->run()
10 SYSTEMPATH\Boot.php(67): CodeIgniter\Boot::runCodeIgniter(Object(CodeIgniter\CodeIgniter))
11 FCPATH\index.php(56): CodeIgniter\Boot::bootWeb(Object(Config\Paths))
CRITICAL - 2025-04-06 18:39:53 --> ErrorException: Undefined variable $persona
[Method: GET, Route: sesion]
in APPPATH\Views\seccion\crear.php on line 72.
 1 APPPATH\Views\seccion\crear.php(72): CodeIgniter\Debug\Exceptions->errorHandler(2, 'Undefined variable $persona', 'C:\\xampp\\htdocs\\codeigniter4\\app\\Views\\seccion\\crear.php', 72)
 2 SYSTEMPATH\View\View.php(234): include('C:\\xampp\\htdocs\\codeigniter4\\app\\Views\\seccion\\crear.php')
 3 SYSTEMPATH\View\View.php(237): CodeIgniter\View\View->CodeIgniter\View\{closure}()
 4 SYSTEMPATH\Common.php(1171): CodeIgniter\View\View->render('seccion/crear', [], true)
 5 APPPATH\Controllers\Sesiones.php(16): view('seccion/crear')
 6 SYSTEMPATH\CodeIgniter.php(933): App\Controllers\Sesiones->index()
 7 SYSTEMPATH\CodeIgniter.php(509): CodeIgniter\CodeIgniter->runController(Object(App\Controllers\Sesiones))
 8 SYSTEMPATH\CodeIgniter.php(355): CodeIgniter\CodeIgniter->handleRequest(null, Object(Config\Cache), false)
 9 SYSTEMPATH\Boot.php(312): CodeIgniter\CodeIgniter->run()
10 SYSTEMPATH\Boot.php(67): CodeIgniter\Boot::runCodeIgniter(Object(CodeIgniter\CodeIgniter))
11 FCPATH\index.php(56): CodeIgniter\Boot::bootWeb(Object(Config\Paths))
CRITICAL - 2025-04-06 19:05:38 --> ErrorException: Undefined variable $sesions
[Method: GET, Route: sesion]
in APPPATH\Views\sesion\listar.php on line 43.
 1 APPPATH\Views\sesion\listar.php(43): CodeIgniter\Debug\Exceptions->errorHandler(2, 'Undefined variable $sesions', 'C:\\xampp\\htdocs\\codeigniter4\\app\\Views\\sesion\\listar.php', 43)
 2 SYSTEMPATH\View\View.php(234): include('C:\\xampp\\htdocs\\codeigniter4\\app\\Views\\sesion\\listar.php')
 3 SYSTEMPATH\View\View.php(237): CodeIgniter\View\View->CodeIgniter\View\{closure}()
 4 SYSTEMPATH\Common.php(1171): CodeIgniter\View\View->render('sesion/listar', [], true)
 5 APPPATH\Controllers\Sesiones.php(21): view('sesion/listar', [...])
 6 SYSTEMPATH\CodeIgniter.php(933): App\Controllers\Sesiones->index()
 7 SYSTEMPATH\CodeIgniter.php(509): CodeIgniter\CodeIgniter->runController(Object(App\Controllers\Sesiones))
 8 SYSTEMPATH\CodeIgniter.php(355): CodeIgniter\CodeIgniter->handleRequest(null, Object(Config\Cache), false)
 9 SYSTEMPATH\Boot.php(312): CodeIgniter\CodeIgniter->run()
10 SYSTEMPATH\Boot.php(67): CodeIgniter\Boot::runCodeIgniter(Object(CodeIgniter\CodeIgniter))
11 FCPATH\index.php(56): CodeIgniter\Boot::bootWeb(Object(Config\Paths))
CRITICAL - 2025-04-06 19:05:42 --> ErrorException: Undefined variable $sesions
[Method: GET, Route: sesion]
in APPPATH\Views\sesion\listar.php on line 43.
 1 APPPATH\Views\sesion\listar.php(43): CodeIgniter\Debug\Exceptions->errorHandler(2, 'Undefined variable $sesions', 'C:\\xampp\\htdocs\\codeigniter4\\app\\Views\\sesion\\listar.php', 43)
 2 SYSTEMPATH\View\View.php(234): include('C:\\xampp\\htdocs\\codeigniter4\\app\\Views\\sesion\\listar.php')
 3 SYSTEMPATH\View\View.php(237): CodeIgniter\View\View->CodeIgniter\View\{closure}()
 4 SYSTEMPATH\Common.php(1171): CodeIgniter\View\View->render('sesion/listar', [], true)
 5 APPPATH\Controllers\Sesiones.php(21): view('sesion/listar', [...])
 6 SYSTEMPATH\CodeIgniter.php(933): App\Controllers\Sesiones->index()
 7 SYSTEMPATH\CodeIgniter.php(509): CodeIgniter\CodeIgniter->runController(Object(App\Controllers\Sesiones))
 8 SYSTEMPATH\CodeIgniter.php(355): CodeIgniter\CodeIgniter->handleRequest(null, Object(Config\Cache), false)
 9 SYSTEMPATH\Boot.php(312): CodeIgniter\CodeIgniter->run()
10 SYSTEMPATH\Boot.php(67): CodeIgniter\Boot::runCodeIgniter(Object(CodeIgniter\CodeIgniter))
11 FCPATH\index.php(56): CodeIgniter\Boot::bootWeb(Object(Config\Paths))
CRITICAL - 2025-04-06 19:08:15 --> ErrorException: Undefined variable $sesions
[Method: GET, Route: sesion]
in APPPATH\Views\sesion\listar.php on line 43.
 1 APPPATH\Views\sesion\listar.php(43): CodeIgniter\Debug\Exceptions->errorHandler(2, 'Undefined variable $sesions', 'C:\\xampp\\htdocs\\codeigniter4\\app\\Views\\sesion\\listar.php', 43)
 2 SYSTEMPATH\View\View.php(234): include('C:\\xampp\\htdocs\\codeigniter4\\app\\Views\\sesion\\listar.php')
 3 SYSTEMPATH\View\View.php(237): CodeIgniter\View\View->CodeIgniter\View\{closure}()
 4 SYSTEMPATH\Common.php(1171): CodeIgniter\View\View->render('sesion/listar', [], true)
 5 APPPATH\Controllers\Sesiones.php(21): view('sesion/listar', [...])
 6 SYSTEMPATH\CodeIgniter.php(933): App\Controllers\Sesiones->index()
 7 SYSTEMPATH\CodeIgniter.php(509): CodeIgniter\CodeIgniter->runController(Object(App\Controllers\Sesiones))
 8 SYSTEMPATH\CodeIgniter.php(355): CodeIgniter\CodeIgniter->handleRequest(null, Object(Config\Cache), false)
 9 SYSTEMPATH\Boot.php(312): CodeIgniter\CodeIgniter->run()
10 SYSTEMPATH\Boot.php(67): CodeIgniter\Boot::runCodeIgniter(Object(CodeIgniter\CodeIgniter))
11 FCPATH\index.php(56): CodeIgniter\Boot::bootWeb(Object(Config\Paths))
CRITICAL - 2025-04-06 19:08:54 --> ErrorException: Undefined variable $sesions
[Method: GET, Route: sesion]
in APPPATH\Views\sesion\listar.php on line 43.
 1 APPPATH\Views\sesion\listar.php(43): CodeIgniter\Debug\Exceptions->errorHandler(2, 'Undefined variable $sesions', 'C:\\xampp\\htdocs\\codeigniter4\\app\\Views\\sesion\\listar.php', 43)
 2 SYSTEMPATH\View\View.php(234): include('C:\\xampp\\htdocs\\codeigniter4\\app\\Views\\sesion\\listar.php')
 3 SYSTEMPATH\View\View.php(237): CodeIgniter\View\View->CodeIgniter\View\{closure}()
 4 SYSTEMPATH\Common.php(1171): CodeIgniter\View\View->render('sesion/listar', [], true)
 5 APPPATH\Controllers\Sesiones.php(21): view('sesion/listar', [...])
 6 SYSTEMPATH\CodeIgniter.php(933): App\Controllers\Sesiones->index()
 7 SYSTEMPATH\CodeIgniter.php(509): CodeIgniter\CodeIgniter->runController(Object(App\Controllers\Sesiones))
 8 SYSTEMPATH\CodeIgniter.php(355): CodeIgniter\CodeIgniter->handleRequest(null, Object(Config\Cache), false)
 9 SYSTEMPATH\Boot.php(312): CodeIgniter\CodeIgniter->run()
10 SYSTEMPATH\Boot.php(67): CodeIgniter\Boot::runCodeIgniter(Object(CodeIgniter\CodeIgniter))
11 FCPATH\index.php(56): CodeIgniter\Boot::bootWeb(Object(Config\Paths))
CRITICAL - 2025-04-06 19:10:22 --> ErrorException: Undefined variable $sesion
[Method: GET, Route: sesion]
in APPPATH\Views\sesion\listar.php on line 32.
 1 APPPATH\Views\sesion\listar.php(32): CodeIgniter\Debug\Exceptions->errorHandler(2, 'Undefined variable $sesion', 'C:\\xampp\\htdocs\\codeigniter4\\app\\Views\\sesion\\listar.php', 32)
 2 SYSTEMPATH\View\View.php(234): include('C:\\xampp\\htdocs\\codeigniter4\\app\\Views\\sesion\\listar.php')
 3 SYSTEMPATH\View\View.php(237): CodeIgniter\View\View->CodeIgniter\View\{closure}()
 4 SYSTEMPATH\Common.php(1171): CodeIgniter\View\View->render('sesion/listar', [], true)
 5 APPPATH\Controllers\Sesiones.php(21): view('sesion/listar', [...])
 6 SYSTEMPATH\CodeIgniter.php(933): App\Controllers\Sesiones->index()
 7 SYSTEMPATH\CodeIgniter.php(509): CodeIgniter\CodeIgniter->runController(Object(App\Controllers\Sesiones))
 8 SYSTEMPATH\CodeIgniter.php(355): CodeIgniter\CodeIgniter->handleRequest(null, Object(Config\Cache), false)
 9 SYSTEMPATH\Boot.php(312): CodeIgniter\CodeIgniter->run()
10 SYSTEMPATH\Boot.php(67): CodeIgniter\Boot::runCodeIgniter(Object(CodeIgniter\CodeIgniter))
11 FCPATH\index.php(56): CodeIgniter\Boot::bootWeb(Object(Config\Paths))
CRITICAL - 2025-04-06 19:10:27 --> ErrorException: Undefined variable $sesion
[Method: GET, Route: sesion]
in APPPATH\Views\sesion\listar.php on line 32.
 1 APPPATH\Views\sesion\listar.php(32): CodeIgniter\Debug\Exceptions->errorHandler(2, 'Undefined variable $sesion', 'C:\\xampp\\htdocs\\codeigniter4\\app\\Views\\sesion\\listar.php', 32)
 2 SYSTEMPATH\View\View.php(234): include('C:\\xampp\\htdocs\\codeigniter4\\app\\Views\\sesion\\listar.php')
 3 SYSTEMPATH\View\View.php(237): CodeIgniter\View\View->CodeIgniter\View\{closure}()
 4 SYSTEMPATH\Common.php(1171): CodeIgniter\View\View->render('sesion/listar', [], true)
 5 APPPATH\Controllers\Sesiones.php(21): view('sesion/listar', [...])
 6 SYSTEMPATH\CodeIgniter.php(933): App\Controllers\Sesiones->index()
 7 SYSTEMPATH\CodeIgniter.php(509): CodeIgniter\CodeIgniter->runController(Object(App\Controllers\Sesiones))
 8 SYSTEMPATH\CodeIgniter.php(355): CodeIgniter\CodeIgniter->handleRequest(null, Object(Config\Cache), false)
 9 SYSTEMPATH\Boot.php(312): CodeIgniter\CodeIgniter->run()
10 SYSTEMPATH\Boot.php(67): CodeIgniter\Boot::runCodeIgniter(Object(CodeIgniter\CodeIgniter))
11 FCPATH\index.php(56): CodeIgniter\Boot::bootWeb(Object(Config\Paths))
CRITICAL - 2025-04-06 19:11:42 --> ErrorException: Undefined variable $sesion
[Method: GET, Route: sesion]
in APPPATH\Views\sesion\listar.php on line 32.
 1 APPPATH\Views\sesion\listar.php(32): CodeIgniter\Debug\Exceptions->errorHandler(2, 'Undefined variable $sesion', 'C:\\xampp\\htdocs\\codeigniter4\\app\\Views\\sesion\\listar.php', 32)
 2 SYSTEMPATH\View\View.php(234): include('C:\\xampp\\htdocs\\codeigniter4\\app\\Views\\sesion\\listar.php')
 3 SYSTEMPATH\View\View.php(237): CodeIgniter\View\View->CodeIgniter\View\{closure}()
 4 SYSTEMPATH\Common.php(1171): CodeIgniter\View\View->render('sesion/listar', [], true)
 5 APPPATH\Controllers\Sesiones.php(21): view('sesion/listar', [...])
 6 SYSTEMPATH\CodeIgniter.php(933): App\Controllers\Sesiones->index()
 7 SYSTEMPATH\CodeIgniter.php(509): CodeIgniter\CodeIgniter->runController(Object(App\Controllers\Sesiones))
 8 SYSTEMPATH\CodeIgniter.php(355): CodeIgniter\CodeIgniter->handleRequest(null, Object(Config\Cache), false)
 9 SYSTEMPATH\Boot.php(312): CodeIgniter\CodeIgniter->run()
10 SYSTEMPATH\Boot.php(67): CodeIgniter\Boot::runCodeIgniter(Object(CodeIgniter\CodeIgniter))
11 FCPATH\index.php(56): CodeIgniter\Boot::bootWeb(Object(Config\Paths))
CRITICAL - 2025-04-06 19:27:12 --> ErrorException: Attempt to read property "driver" on null
[Method: GET, Route: sesion]
in SYSTEMPATH\Config\Services.php on line 673.
 1 SYSTEMPATH\Config\Services.php(673): CodeIgniter\Debug\Exceptions->errorHandler(2, 'Attempt to read property "driver" on null', 'C:\\xampp\\htdocs\\codeigniter4\\system\\Config\\Services.php', 673)
 2 SYSTEMPATH\Config\BaseService.php(311): CodeIgniter\Config\Services::session(null, false)
 3 SYSTEMPATH\Config\BaseService.php(250): CodeIgniter\Config\BaseService::__callStatic('session', [...])
 4 SYSTEMPATH\Config\Services.php(666): CodeIgniter\Config\BaseService::getSharedInstance('session', null)
 5 SYSTEMPATH\Config\BaseService.php(320): CodeIgniter\Config\Services::session()
 6 SYSTEMPATH\Config\BaseService.php(201): CodeIgniter\Config\BaseService::__callStatic('session', [])
 7 SYSTEMPATH\Common.php(998): CodeIgniter\Config\BaseService::get('session')
 8 SYSTEMPATH\Security\Security.php(225): service('session')
 9 SYSTEMPATH\Security\Security.php(206): CodeIgniter\Security\Security->configureSession()
10 SYSTEMPATH\Config\Services.php(655): CodeIgniter\Security\Security->__construct(Object(Config\Security))
11 SYSTEMPATH\Config\BaseService.php(311): CodeIgniter\Config\Services::security(Object(Config\Security), false)
12 SYSTEMPATH\Config\BaseService.php(250): CodeIgniter\Config\BaseService::__callStatic('security', [...])
13 SYSTEMPATH\Config\Services.php(650): CodeIgniter\Config\BaseService::getSharedInstance('security', null)
14 SYSTEMPATH\Config\BaseService.php(320): CodeIgniter\Config\Services::security()
15 SYSTEMPATH\Config\BaseService.php(201): CodeIgniter\Config\BaseService::__callStatic('security', [])
16 SYSTEMPATH\Common.php(998): CodeIgniter\Config\BaseService::get('security')
17 SYSTEMPATH\Filters\CSRF.php(54): service('security')
18 SYSTEMPATH\Filters\Filters.php(205): CodeIgniter\Filters\CSRF->before(Object(CodeIgniter\HTTP\IncomingRequest), null)
19 SYSTEMPATH\Filters\Filters.php(184): CodeIgniter\Filters\Filters->runBefore([...])
20 SYSTEMPATH\CodeIgniter.php(481): CodeIgniter\Filters\Filters->run('sesion', 'before')
21 SYSTEMPATH\CodeIgniter.php(355): CodeIgniter\CodeIgniter->handleRequest(null, Object(Config\Cache), false)
22 SYSTEMPATH\Boot.php(312): CodeIgniter\CodeIgniter->run()
23 SYSTEMPATH\Boot.php(67): CodeIgniter\Boot::runCodeIgniter(Object(CodeIgniter\CodeIgniter))
24 FCPATH\index.php(56): CodeIgniter\Boot::bootWeb(Object(Config\Paths))
CRITICAL - 2025-04-06 19:27:17 --> ErrorException: Attempt to read property "driver" on null
[Method: GET, Route: sesion]
in SYSTEMPATH\Config\Services.php on line 673.
 1 SYSTEMPATH\Config\Services.php(673): CodeIgniter\Debug\Exceptions->errorHandler(2, 'Attempt to read property "driver" on null', 'C:\\xampp\\htdocs\\codeigniter4\\system\\Config\\Services.php', 673)
 2 SYSTEMPATH\Config\BaseService.php(311): CodeIgniter\Config\Services::session(null, false)
 3 SYSTEMPATH\Config\BaseService.php(250): CodeIgniter\Config\BaseService::__callStatic('session', [...])
 4 SYSTEMPATH\Config\Services.php(666): CodeIgniter\Config\BaseService::getSharedInstance('session', null)
 5 SYSTEMPATH\Config\BaseService.php(320): CodeIgniter\Config\Services::session()
 6 SYSTEMPATH\Config\BaseService.php(201): CodeIgniter\Config\BaseService::__callStatic('session', [])
 7 SYSTEMPATH\Common.php(998): CodeIgniter\Config\BaseService::get('session')
 8 SYSTEMPATH\Security\Security.php(225): service('session')
 9 SYSTEMPATH\Security\Security.php(206): CodeIgniter\Security\Security->configureSession()
10 SYSTEMPATH\Config\Services.php(655): CodeIgniter\Security\Security->__construct(Object(Config\Security))
11 SYSTEMPATH\Config\BaseService.php(311): CodeIgniter\Config\Services::security(Object(Config\Security), false)
12 SYSTEMPATH\Config\BaseService.php(250): CodeIgniter\Config\BaseService::__callStatic('security', [...])
13 SYSTEMPATH\Config\Services.php(650): CodeIgniter\Config\BaseService::getSharedInstance('security', null)
14 SYSTEMPATH\Config\BaseService.php(320): CodeIgniter\Config\Services::security()
15 SYSTEMPATH\Config\BaseService.php(201): CodeIgniter\Config\BaseService::__callStatic('security', [])
16 SYSTEMPATH\Common.php(998): CodeIgniter\Config\BaseService::get('security')
17 SYSTEMPATH\Filters\CSRF.php(54): service('security')
18 SYSTEMPATH\Filters\Filters.php(205): CodeIgniter\Filters\CSRF->before(Object(CodeIgniter\HTTP\IncomingRequest), null)
19 SYSTEMPATH\Filters\Filters.php(184): CodeIgniter\Filters\Filters->runBefore([...])
20 SYSTEMPATH\CodeIgniter.php(481): CodeIgniter\Filters\Filters->run('sesion', 'before')
21 SYSTEMPATH\CodeIgniter.php(355): CodeIgniter\CodeIgniter->handleRequest(null, Object(Config\Cache), false)
22 SYSTEMPATH\Boot.php(312): CodeIgniter\CodeIgniter->run()
23 SYSTEMPATH\Boot.php(67): CodeIgniter\Boot::runCodeIgniter(Object(CodeIgniter\CodeIgniter))
24 FCPATH\index.php(56): CodeIgniter\Boot::bootWeb(Object(Config\Paths))
CRITICAL - 2025-04-06 19:27:50 --> ErrorException: Attempt to read property "driver" on null
[Method: GET, Route: casillero]
in SYSTEMPATH\Config\Services.php on line 673.
 1 SYSTEMPATH\Config\Services.php(673): CodeIgniter\Debug\Exceptions->errorHandler(2, 'Attempt to read property "driver" on null', 'C:\\xampp\\htdocs\\codeigniter4\\system\\Config\\Services.php', 673)
 2 SYSTEMPATH\Config\BaseService.php(311): CodeIgniter\Config\Services::session(null, false)
 3 SYSTEMPATH\Config\BaseService.php(250): CodeIgniter\Config\BaseService::__callStatic('session', [...])
 4 SYSTEMPATH\Config\Services.php(666): CodeIgniter\Config\BaseService::getSharedInstance('session', null)
 5 SYSTEMPATH\Config\BaseService.php(320): CodeIgniter\Config\Services::session()
 6 SYSTEMPATH\Config\BaseService.php(201): CodeIgniter\Config\BaseService::__callStatic('session', [])
 7 SYSTEMPATH\Common.php(998): CodeIgniter\Config\BaseService::get('session')
 8 SYSTEMPATH\Security\Security.php(225): service('session')
 9 SYSTEMPATH\Security\Security.php(206): CodeIgniter\Security\Security->configureSession()
10 SYSTEMPATH\Config\Services.php(655): CodeIgniter\Security\Security->__construct(Object(Config\Security))
11 SYSTEMPATH\Config\BaseService.php(311): CodeIgniter\Config\Services::security(Object(Config\Security), false)
12 SYSTEMPATH\Config\BaseService.php(250): CodeIgniter\Config\BaseService::__callStatic('security', [...])
13 SYSTEMPATH\Config\Services.php(650): CodeIgniter\Config\BaseService::getSharedInstance('security', null)
14 SYSTEMPATH\Config\BaseService.php(320): CodeIgniter\Config\Services::security()
15 SYSTEMPATH\Config\BaseService.php(201): CodeIgniter\Config\BaseService::__callStatic('security', [])
16 SYSTEMPATH\Common.php(998): CodeIgniter\Config\BaseService::get('security')
17 SYSTEMPATH\Filters\CSRF.php(54): service('security')
18 SYSTEMPATH\Filters\Filters.php(205): CodeIgniter\Filters\CSRF->before(Object(CodeIgniter\HTTP\IncomingRequest), null)
19 SYSTEMPATH\Filters\Filters.php(184): CodeIgniter\Filters\Filters->runBefore([...])
20 SYSTEMPATH\CodeIgniter.php(481): CodeIgniter\Filters\Filters->run('casillero', 'before')
21 SYSTEMPATH\CodeIgniter.php(355): CodeIgniter\CodeIgniter->handleRequest(null, Object(Config\Cache), false)
22 SYSTEMPATH\Boot.php(312): CodeIgniter\CodeIgniter->run()
23 SYSTEMPATH\Boot.php(67): CodeIgniter\Boot::runCodeIgniter(Object(CodeIgniter\CodeIgniter))
24 FCPATH\index.php(56): CodeIgniter\Boot::bootWeb(Object(Config\Paths))
CRITICAL - 2025-04-06 19:27:52 --> ErrorException: Attempt to read property "driver" on null
[Method: GET, Route: casillero]
in SYSTEMPATH\Config\Services.php on line 673.
 1 SYSTEMPATH\Config\Services.php(673): CodeIgniter\Debug\Exceptions->errorHandler(2, 'Attempt to read property "driver" on null', 'C:\\xampp\\htdocs\\codeigniter4\\system\\Config\\Services.php', 673)
 2 SYSTEMPATH\Config\BaseService.php(311): CodeIgniter\Config\Services::session(null, false)
 3 SYSTEMPATH\Config\BaseService.php(250): CodeIgniter\Config\BaseService::__callStatic('session', [...])
 4 SYSTEMPATH\Config\Services.php(666): CodeIgniter\Config\BaseService::getSharedInstance('session', null)
 5 SYSTEMPATH\Config\BaseService.php(320): CodeIgniter\Config\Services::session()
 6 SYSTEMPATH\Config\BaseService.php(201): CodeIgniter\Config\BaseService::__callStatic('session', [])
 7 SYSTEMPATH\Common.php(998): CodeIgniter\Config\BaseService::get('session')
 8 SYSTEMPATH\Security\Security.php(225): service('session')
 9 SYSTEMPATH\Security\Security.php(206): CodeIgniter\Security\Security->configureSession()
10 SYSTEMPATH\Config\Services.php(655): CodeIgniter\Security\Security->__construct(Object(Config\Security))
11 SYSTEMPATH\Config\BaseService.php(311): CodeIgniter\Config\Services::security(Object(Config\Security), false)
12 SYSTEMPATH\Config\BaseService.php(250): CodeIgniter\Config\BaseService::__callStatic('security', [...])
13 SYSTEMPATH\Config\Services.php(650): CodeIgniter\Config\BaseService::getSharedInstance('security', null)
14 SYSTEMPATH\Config\BaseService.php(320): CodeIgniter\Config\Services::security()
15 SYSTEMPATH\Config\BaseService.php(201): CodeIgniter\Config\BaseService::__callStatic('security', [])
16 SYSTEMPATH\Common.php(998): CodeIgniter\Config\BaseService::get('security')
17 SYSTEMPATH\Filters\CSRF.php(54): service('security')
18 SYSTEMPATH\Filters\Filters.php(205): CodeIgniter\Filters\CSRF->before(Object(CodeIgniter\HTTP\IncomingRequest), null)
19 SYSTEMPATH\Filters\Filters.php(184): CodeIgniter\Filters\Filters->runBefore([...])
20 SYSTEMPATH\CodeIgniter.php(481): CodeIgniter\Filters\Filters->run('casillero', 'before')
21 SYSTEMPATH\CodeIgniter.php(355): CodeIgniter\CodeIgniter->handleRequest(null, Object(Config\Cache), false)
22 SYSTEMPATH\Boot.php(312): CodeIgniter\CodeIgniter->run()
23 SYSTEMPATH\Boot.php(67): CodeIgniter\Boot::runCodeIgniter(Object(CodeIgniter\CodeIgniter))
24 FCPATH\index.php(56): CodeIgniter\Boot::bootWeb(Object(Config\Paths))
CRITICAL - 2025-04-06 19:27:53 --> ErrorException: Attempt to read property "driver" on null
[Method: GET, Route: casillero]
in SYSTEMPATH\Config\Services.php on line 673.
 1 SYSTEMPATH\Config\Services.php(673): CodeIgniter\Debug\Exceptions->errorHandler(2, 'Attempt to read property "driver" on null', 'C:\\xampp\\htdocs\\codeigniter4\\system\\Config\\Services.php', 673)
 2 SYSTEMPATH\Config\BaseService.php(311): CodeIgniter\Config\Services::session(null, false)
 3 SYSTEMPATH\Config\BaseService.php(250): CodeIgniter\Config\BaseService::__callStatic('session', [...])
 4 SYSTEMPATH\Config\Services.php(666): CodeIgniter\Config\BaseService::getSharedInstance('session', null)
 5 SYSTEMPATH\Config\BaseService.php(320): CodeIgniter\Config\Services::session()
 6 SYSTEMPATH\Config\BaseService.php(201): CodeIgniter\Config\BaseService::__callStatic('session', [])
 7 SYSTEMPATH\Common.php(998): CodeIgniter\Config\BaseService::get('session')
 8 SYSTEMPATH\Security\Security.php(225): service('session')
 9 SYSTEMPATH\Security\Security.php(206): CodeIgniter\Security\Security->configureSession()
10 SYSTEMPATH\Config\Services.php(655): CodeIgniter\Security\Security->__construct(Object(Config\Security))
11 SYSTEMPATH\Config\BaseService.php(311): CodeIgniter\Config\Services::security(Object(Config\Security), false)
12 SYSTEMPATH\Config\BaseService.php(250): CodeIgniter\Config\BaseService::__callStatic('security', [...])
13 SYSTEMPATH\Config\Services.php(650): CodeIgniter\Config\BaseService::getSharedInstance('security', null)
14 SYSTEMPATH\Config\BaseService.php(320): CodeIgniter\Config\Services::security()
15 SYSTEMPATH\Config\BaseService.php(201): CodeIgniter\Config\BaseService::__callStatic('security', [])
16 SYSTEMPATH\Common.php(998): CodeIgniter\Config\BaseService::get('security')
17 SYSTEMPATH\Filters\CSRF.php(54): service('security')
18 SYSTEMPATH\Filters\Filters.php(205): CodeIgniter\Filters\CSRF->before(Object(CodeIgniter\HTTP\IncomingRequest), null)
19 SYSTEMPATH\Filters\Filters.php(184): CodeIgniter\Filters\Filters->runBefore([...])
20 SYSTEMPATH\CodeIgniter.php(481): CodeIgniter\Filters\Filters->run('casillero', 'before')
21 SYSTEMPATH\CodeIgniter.php(355): CodeIgniter\CodeIgniter->handleRequest(null, Object(Config\Cache), false)
22 SYSTEMPATH\Boot.php(312): CodeIgniter\CodeIgniter->run()
23 SYSTEMPATH\Boot.php(67): CodeIgniter\Boot::runCodeIgniter(Object(CodeIgniter\CodeIgniter))
24 FCPATH\index.php(56): CodeIgniter\Boot::bootWeb(Object(Config\Paths))
CRITICAL - 2025-04-06 19:27:55 --> ErrorException: Attempt to read property "driver" on null
[Method: GET, Route: persona]
in SYSTEMPATH\Config\Services.php on line 673.
 1 SYSTEMPATH\Config\Services.php(673): CodeIgniter\Debug\Exceptions->errorHandler(2, 'Attempt to read property "driver" on null', 'C:\\xampp\\htdocs\\codeigniter4\\system\\Config\\Services.php', 673)
 2 SYSTEMPATH\Config\BaseService.php(311): CodeIgniter\Config\Services::session(null, false)
 3 SYSTEMPATH\Config\BaseService.php(250): CodeIgniter\Config\BaseService::__callStatic('session', [...])
 4 SYSTEMPATH\Config\Services.php(666): CodeIgniter\Config\BaseService::getSharedInstance('session', null)
 5 SYSTEMPATH\Config\BaseService.php(320): CodeIgniter\Config\Services::session()
 6 SYSTEMPATH\Config\BaseService.php(201): CodeIgniter\Config\BaseService::__callStatic('session', [])
 7 SYSTEMPATH\Common.php(998): CodeIgniter\Config\BaseService::get('session')
 8 SYSTEMPATH\Security\Security.php(225): service('session')
 9 SYSTEMPATH\Security\Security.php(206): CodeIgniter\Security\Security->configureSession()
10 SYSTEMPATH\Config\Services.php(655): CodeIgniter\Security\Security->__construct(Object(Config\Security))
11 SYSTEMPATH\Config\BaseService.php(311): CodeIgniter\Config\Services::security(Object(Config\Security), false)
12 SYSTEMPATH\Config\BaseService.php(250): CodeIgniter\Config\BaseService::__callStatic('security', [...])
13 SYSTEMPATH\Config\Services.php(650): CodeIgniter\Config\BaseService::getSharedInstance('security', null)
14 SYSTEMPATH\Config\BaseService.php(320): CodeIgniter\Config\Services::security()
15 SYSTEMPATH\Config\BaseService.php(201): CodeIgniter\Config\BaseService::__callStatic('security', [])
16 SYSTEMPATH\Common.php(998): CodeIgniter\Config\BaseService::get('security')
17 SYSTEMPATH\Filters\CSRF.php(54): service('security')
18 SYSTEMPATH\Filters\Filters.php(205): CodeIgniter\Filters\CSRF->before(Object(CodeIgniter\HTTP\IncomingRequest), null)
19 SYSTEMPATH\Filters\Filters.php(184): CodeIgniter\Filters\Filters->runBefore([...])
20 SYSTEMPATH\CodeIgniter.php(481): CodeIgniter\Filters\Filters->run('persona', 'before')
21 SYSTEMPATH\CodeIgniter.php(355): CodeIgniter\CodeIgniter->handleRequest(null, Object(Config\Cache), false)
22 SYSTEMPATH\Boot.php(312): CodeIgniter\CodeIgniter->run()
23 SYSTEMPATH\Boot.php(67): CodeIgniter\Boot::runCodeIgniter(Object(CodeIgniter\CodeIgniter))
24 FCPATH\index.php(56): CodeIgniter\Boot::bootWeb(Object(Config\Paths))
CRITICAL - 2025-04-06 19:28:00 --> ErrorException: Attempt to read property "driver" on null
[Method: GET, Route: /]
in SYSTEMPATH\Config\Services.php on line 673.
 1 SYSTEMPATH\Config\Services.php(673): CodeIgniter\Debug\Exceptions->errorHandler(2, 'Attempt to read property "driver" on null', 'C:\\xampp\\htdocs\\codeigniter4\\system\\Config\\Services.php', 673)
 2 SYSTEMPATH\Config\BaseService.php(311): CodeIgniter\Config\Services::session(null, false)
 3 SYSTEMPATH\Config\BaseService.php(250): CodeIgniter\Config\BaseService::__callStatic('session', [...])
 4 SYSTEMPATH\Config\Services.php(666): CodeIgniter\Config\BaseService::getSharedInstance('session', null)
 5 SYSTEMPATH\Config\BaseService.php(320): CodeIgniter\Config\Services::session()
 6 SYSTEMPATH\Config\BaseService.php(201): CodeIgniter\Config\BaseService::__callStatic('session', [])
 7 SYSTEMPATH\Common.php(998): CodeIgniter\Config\BaseService::get('session')
 8 SYSTEMPATH\Security\Security.php(225): service('session')
 9 SYSTEMPATH\Security\Security.php(206): CodeIgniter\Security\Security->configureSession()
10 SYSTEMPATH\Config\Services.php(655): CodeIgniter\Security\Security->__construct(Object(Config\Security))
11 SYSTEMPATH\Config\BaseService.php(311): CodeIgniter\Config\Services::security(Object(Config\Security), false)
12 SYSTEMPATH\Config\BaseService.php(250): CodeIgniter\Config\BaseService::__callStatic('security', [...])
13 SYSTEMPATH\Config\Services.php(650): CodeIgniter\Config\BaseService::getSharedInstance('security', null)
14 SYSTEMPATH\Config\BaseService.php(320): CodeIgniter\Config\Services::security()
15 SYSTEMPATH\Config\BaseService.php(201): CodeIgniter\Config\BaseService::__callStatic('security', [])
16 SYSTEMPATH\Common.php(998): CodeIgniter\Config\BaseService::get('security')
17 SYSTEMPATH\Filters\CSRF.php(54): service('security')
18 SYSTEMPATH\Filters\Filters.php(205): CodeIgniter\Filters\CSRF->before(Object(CodeIgniter\HTTP\IncomingRequest), null)
19 SYSTEMPATH\Filters\Filters.php(184): CodeIgniter\Filters\Filters->runBefore([...])
20 SYSTEMPATH\CodeIgniter.php(481): CodeIgniter\Filters\Filters->run('', 'before')
21 SYSTEMPATH\CodeIgniter.php(355): CodeIgniter\CodeIgniter->handleRequest(null, Object(Config\Cache), false)
22 SYSTEMPATH\Boot.php(312): CodeIgniter\CodeIgniter->run()
23 SYSTEMPATH\Boot.php(67): CodeIgniter\Boot::runCodeIgniter(Object(CodeIgniter\CodeIgniter))
24 FCPATH\index.php(56): CodeIgniter\Boot::bootWeb(Object(Config\Paths))
CRITICAL - 2025-04-06 19:34:11 --> CodeIgniter\View\Exceptions\ViewException: Invalid file: "sesion/listar.php"
[Method: GET, Route: sesion]
in SYSTEMPATH\Exceptions\FrameworkException.php on line 41.
 1 SYSTEMPATH\View\View.php(222): CodeIgniter\Exceptions\FrameworkException::forInvalidFile('sesion/listar.php')
 2 SYSTEMPATH\Common.php(1171): CodeIgniter\View\View->render('sesion/listar', [], true)
 3 APPPATH\Controllers\Sesiones.php(22): view('sesion/listar', [...])
 4 SYSTEMPATH\CodeIgniter.php(933): App\Controllers\Sesiones->index()
 5 SYSTEMPATH\CodeIgniter.php(509): CodeIgniter\CodeIgniter->runController(Object(App\Controllers\Sesiones))
 6 SYSTEMPATH\CodeIgniter.php(355): CodeIgniter\CodeIgniter->handleRequest(null, Object(Config\Cache), false)
 7 SYSTEMPATH\Boot.php(312): CodeIgniter\CodeIgniter->run()
 8 SYSTEMPATH\Boot.php(67): CodeIgniter\Boot::runCodeIgniter(Object(CodeIgniter\CodeIgniter))
 9 FCPATH\index.php(56): CodeIgniter\Boot::bootWeb(Object(Config\Paths))
CRITICAL - 2025-04-06 19:34:37 --> CodeIgniter\View\Exceptions\ViewException: Invalid file: "sesion/listar.php"
[Method: GET, Route: sesion]
in SYSTEMPATH\Exceptions\FrameworkException.php on line 41.
 1 SYSTEMPATH\View\View.php(222): CodeIgniter\Exceptions\FrameworkException::forInvalidFile('sesion/listar.php')
 2 SYSTEMPATH\Common.php(1171): CodeIgniter\View\View->render('sesion/listar', [], true)
 3 APPPATH\Controllers\Sesiones.php(21): view('sesion/listar', [...])
 4 SYSTEMPATH\CodeIgniter.php(933): App\Controllers\Sesiones->index()
 5 SYSTEMPATH\CodeIgniter.php(509): CodeIgniter\CodeIgniter->runController(Object(App\Controllers\Sesiones))
 6 SYSTEMPATH\CodeIgniter.php(355): CodeIgniter\CodeIgniter->handleRequest(null, Object(Config\Cache), false)
 7 SYSTEMPATH\Boot.php(312): CodeIgniter\CodeIgniter->run()
 8 SYSTEMPATH\Boot.php(67): CodeIgniter\Boot::runCodeIgniter(Object(CodeIgniter\CodeIgniter))
 9 FCPATH\index.php(56): CodeIgniter\Boot::bootWeb(Object(Config\Paths))
CRITICAL - 2025-04-06 19:36:06 --> ErrorException: Undefined variable $persona
[Method: GET, Route: sesion/crear]
in APPPATH\Views\sesion\crear.php on line 72.
 1 APPPATH\Views\sesion\crear.php(72): CodeIgniter\Debug\Exceptions->errorHandler(2, 'Undefined variable $persona', 'C:\\xampp\\htdocs\\codeigniter4\\app\\Views\\sesion\\crear.php', 72)
 2 SYSTEMPATH\View\View.php(234): include('C:\\xampp\\htdocs\\codeigniter4\\app\\Views\\sesion\\crear.php')
 3 SYSTEMPATH\View\View.php(237): CodeIgniter\View\View->CodeIgniter\View\{closure}()
 4 SYSTEMPATH\Common.php(1171): CodeIgniter\View\View->render('sesion/crear', [], true)
 5 APPPATH\Controllers\Sesiones.php(24): view('sesion/crear')
 6 SYSTEMPATH\CodeIgniter.php(933): App\Controllers\Sesiones->crear()
 7 SYSTEMPATH\CodeIgniter.php(509): CodeIgniter\CodeIgniter->runController(Object(App\Controllers\Sesiones))
 8 SYSTEMPATH\CodeIgniter.php(355): CodeIgniter\CodeIgniter->handleRequest(null, Object(Config\Cache), false)
 9 SYSTEMPATH\Boot.php(312): CodeIgniter\CodeIgniter->run()
10 SYSTEMPATH\Boot.php(67): CodeIgniter\Boot::runCodeIgniter(Object(CodeIgniter\CodeIgniter))
11 FCPATH\index.php(56): CodeIgniter\Boot::bootWeb(Object(Config\Paths))
CRITICAL - 2025-04-06 19:36:09 --> ErrorException: Undefined variable $persona
[Method: GET, Route: sesion/crear]
in APPPATH\Views\sesion\crear.php on line 72.
 1 APPPATH\Views\sesion\crear.php(72): CodeIgniter\Debug\Exceptions->errorHandler(2, 'Undefined variable $persona', 'C:\\xampp\\htdocs\\codeigniter4\\app\\Views\\sesion\\crear.php', 72)
 2 SYSTEMPATH\View\View.php(234): include('C:\\xampp\\htdocs\\codeigniter4\\app\\Views\\sesion\\crear.php')
 3 SYSTEMPATH\View\View.php(237): CodeIgniter\View\View->CodeIgniter\View\{closure}()
 4 SYSTEMPATH\Common.php(1171): CodeIgniter\View\View->render('sesion/crear', [], true)
 5 APPPATH\Controllers\Sesiones.php(24): view('sesion/crear')
 6 SYSTEMPATH\CodeIgniter.php(933): App\Controllers\Sesiones->crear()
 7 SYSTEMPATH\CodeIgniter.php(509): CodeIgniter\CodeIgniter->runController(Object(App\Controllers\Sesiones))
 8 SYSTEMPATH\CodeIgniter.php(355): CodeIgniter\CodeIgniter->handleRequest(null, Object(Config\Cache), false)
 9 SYSTEMPATH\Boot.php(312): CodeIgniter\CodeIgniter->run()
10 SYSTEMPATH\Boot.php(67): CodeIgniter\Boot::runCodeIgniter(Object(CodeIgniter\CodeIgniter))
11 FCPATH\index.php(56): CodeIgniter\Boot::bootWeb(Object(Config\Paths))
CRITICAL - 2025-04-06 19:53:42 --> Error: Class "PHPUnit\Framework\TestCase" not found
[Method: GET, Route: sesion]
in SYSTEMPATH\Test\CIUnitTestCase.php on line 40.
 1 SYSTEMPATH\Autoloader\Autoloader.php(317): include_once()
 2 SYSTEMPATH\Autoloader\Autoloader.php(296): CodeIgniter\Autoloader\Autoloader->includeFile('C:\\xampp\\htdocs\\codeigniter4\\system\\Test\\CIUnitTestCase.php')
 3 SYSTEMPATH\Autoloader\Autoloader.php(272): CodeIgniter\Autoloader\Autoloader->loadInNamespace('CodeIgniter\\Test\\CIUnitTestCase')
 4 APPPATH\Views\sesion\listar.php(12): CodeIgniter\Autoloader\Autoloader->loadClass('CodeIgniter\\Test\\CIUnitTestCase')
 5 SYSTEMPATH\View\View.php(234): include('C:\\xampp\\htdocs\\codeigniter4\\app\\Views\\sesion\\listar.php')
 6 SYSTEMPATH\View\View.php(237): CodeIgniter\View\View->CodeIgniter\View\{closure}()
 7 SYSTEMPATH\Common.php(1171): CodeIgniter\View\View->render('sesion/listar', [], true)
 8 APPPATH\Controllers\Sesiones.php(21): view('sesion/listar', [...])
 9 SYSTEMPATH\CodeIgniter.php(933): App\Controllers\Sesiones->index()
10 SYSTEMPATH\CodeIgniter.php(509): CodeIgniter\CodeIgniter->runController(Object(App\Controllers\Sesiones))
11 SYSTEMPATH\CodeIgniter.php(355): CodeIgniter\CodeIgniter->handleRequest(null, Object(Config\Cache), false)
12 SYSTEMPATH\Boot.php(312): CodeIgniter\CodeIgniter->run()
13 SYSTEMPATH\Boot.php(67): CodeIgniter\Boot::runCodeIgniter(Object(CodeIgniter\CodeIgniter))
14 FCPATH\index.php(56): CodeIgniter\Boot::bootWeb(Object(Config\Paths))
CRITICAL - 2025-04-06 19:59:55 --> Error: Class "PHPUnit\Framework\TestCase" not found
[Method: GET, Route: sesion]
in SYSTEMPATH\Test\CIUnitTestCase.php on line 40.
 1 SYSTEMPATH\Autoloader\Autoloader.php(317): include_once()
 2 SYSTEMPATH\Autoloader\Autoloader.php(296): CodeIgniter\Autoloader\Autoloader->includeFile('C:\\xampp\\htdocs\\codeigniter4\\system\\Test\\CIUnitTestCase.php')
 3 SYSTEMPATH\Autoloader\Autoloader.php(272): CodeIgniter\Autoloader\Autoloader->loadInNamespace('CodeIgniter\\Test\\CIUnitTestCase')
 4 APPPATH\Views\sesion\listar.php(12): CodeIgniter\Autoloader\Autoloader->loadClass('CodeIgniter\\Test\\CIUnitTestCase')
 5 SYSTEMPATH\View\View.php(234): include('C:\\xampp\\htdocs\\codeigniter4\\app\\Views\\sesion\\listar.php')
 6 SYSTEMPATH\View\View.php(237): CodeIgniter\View\View->CodeIgniter\View\{closure}()
 7 SYSTEMPATH\Common.php(1171): CodeIgniter\View\View->render('sesion/listar', [], true)
 8 APPPATH\Controllers\Sesiones.php(21): view('sesion/listar', [...])
 9 SYSTEMPATH\CodeIgniter.php(933): App\Controllers\Sesiones->index()
10 SYSTEMPATH\CodeIgniter.php(509): CodeIgniter\CodeIgniter->runController(Object(App\Controllers\Sesiones))
11 SYSTEMPATH\CodeIgniter.php(355): CodeIgniter\CodeIgniter->handleRequest(null, Object(Config\Cache), false)
12 SYSTEMPATH\Boot.php(312): CodeIgniter\CodeIgniter->run()
13 SYSTEMPATH\Boot.php(67): CodeIgniter\Boot::runCodeIgniter(Object(CodeIgniter\CodeIgniter))
14 FCPATH\index.php(56): CodeIgniter\Boot::bootWeb(Object(Config\Paths))
